#
# There is insufficient memory for the Java Runtime Environment to continue.
# Native memory allocation (mmap) failed to map 134217728 bytes for G1 virtual space
# Possible reasons:
#   The system is out of physical RAM or swap space
#   The process is running with CompressedOops enabled, and the Java Heap may be blocking the growth of the native heap
# Possible solutions:
#   Reduce memory load on the system
#   Increase physical memory or swap space
#   Check if swap backing store is full
#   Decrease Java heap size (-Xmx/-Xms)
#   Decrease number of Java threads
#   Decrease Java thread stack sizes (-Xss)
#   Set larger code cache with -XX:ReservedCodeCacheSize=
#   JVM is running with Unscaled Compressed Oops mode in which the Java heap is
#     placed in the first 4GB address space. The Java Heap base address is the
#     maximum limit for the native heap growth. Please use -XX:HeapBaseMinAddress
#     to set the Java Heap base and to place the Java Heap above 4GB virtual address.
# This output file may be truncated or incomplete.
#
#  Out of Memory Error (os_windows.cpp:3541), pid=15100, tid=10140
#
# JRE version:  (17.0.4+8) (build )
# Java VM: OpenJDK 64-Bit Server VM (17.0.4+8-LTS, mixed mode, emulated-client, sharing, tiered, compressed oops, compressed class ptrs, g1 gc, windows-amd64)
# No core dump will be written. Minidumps are not enabled by default on client versions of Windows
#

---------------  S U M M A R Y ------------

Command Line: -XX:TieredStopAtLevel=1 -Dspring.output.ansi.enabled=always -Dcom.sun.management.jmxremote -Dspring.jmx.enabled=true -Dspring.liveBeansView.mbeanDomain -Dspring.application.admin.enabled=true -javaagent:C:\Program Files\JetBrains\IntelliJ IDEA 2022.2\lib\idea_rt.jar=59706:C:\Program Files\JetBrains\IntelliJ IDEA 2022.2\bin -Dfile.encoding=UTF-8 twim.netty.NettyApplication

Host: Intel(R) Core(TM) i7-7700HQ CPU @ 2.80GHz, 8 cores, 7G,  Windows 10 , 64 bit Build 19041 (10.0.19041.1806)
Time: Thu Aug 11 16:31:15 2022  Windows 10 , 64 bit Build 19041 (10.0.19041.1806) elapsed time: 0.030457 seconds (0d 0h 0m 0s)

---------------  T H R E A D  ---------------

Current thread (0x000002590c8d17b0):  JavaThread "Unknown thread" [_thread_in_vm, id=10140, stack(0x00000090f2e00000,0x00000090f2f00000)]

Stack: [0x00000090f2e00000,0x00000090f2f00000]
Native frames: (J=compiled Java code, j=interpreted, Vv=VM code, C=native code)
V  [jvm.dll+0x64723a]
V  [jvm.dll+0x7f8894]
V  [jvm.dll+0x7fa04e]
V  [jvm.dll+0x7fa6a3]
V  [jvm.dll+0x234d38]
V  [jvm.dll+0x64417a]
V  [jvm.dll+0x638aa2]
V  [jvm.dll+0x2f2f69]
V  [jvm.dll+0x2fa146]
V  [jvm.dll+0x345e7a]
V  [jvm.dll+0x3460bf]
V  [jvm.dll+0x2c9408]
V  [jvm.dll+0x2ca399]
V  [jvm.dll+0x7cbea1]
V  [jvm.dll+0x353361]
V  [jvm.dll+0x7ac1ae]
V  [jvm.dll+0x3cec13]
V  [jvm.dll+0x3d0651]
C  [jli.dll+0x51af]
C  [ucrtbase.dll+0x21bb2]
C  [KERNEL32.DLL+0x17034]
C  [ntdll.dll+0x52651]


---------------  P R O C E S S  ---------------

Threads class SMR info:
_java_thread_list=0x00007ffdb22e6718, length=0, elements={
}

Java Threads: ( => current thread )

Other Threads:
  0x000002590c92e7c0 GCTaskThread "GC Thread#0" [stack: 0x00000090f2f00000,0x00000090f3000000] [id=10680]
  0x000002590c93f380 ConcurrentGCThread "G1 Main Marker" [stack: 0x00000090f3000000,0x00000090f3100000] [id=15916]
  0x000002590c9415e0 ConcurrentGCThread "G1 Conc#0" [stack: 0x00000090f3100000,0x00000090f3200000] [id=14964]

[error occurred during error reporting (printing all threads), id 0xc0000005, EXCEPTION_ACCESS_VIOLATION (0xc0000005) at pc=0x00007ffdb1ada5f7]

VM state: not at safepoint (not fully initialized)

VM Mutex/Monitor currently owned by a thread:  ([mutex/lock_event])
[0x000002590c8ce680] Heap_lock - owner thread: 0x000002590c8d17b0

Heap address: 0x0000000081c00000, size: 2020 MB, Compressed Oops mode: 32-bit

CDS archive(s) mapped at: [0x0000000000000000-0x0000000000000000-0x0000000000000000), size 0, SharedBaseAddress: 0x0000000800000000, ArchiveRelocationMode: 0.
Narrow klass base: 0x0000000000000000, Narrow klass shift: 0, Narrow klass range: 0x0

GC Precious Log:
<Empty>

Heap:
 garbage-first heap   total 0K, used 0K [0x0000000081c00000, 0x0000000100000000)
  region size 1024K, 0 young (0K), 0 survivors (0K)

[error occurred during error reporting (printing heap information), id 0xc0000005, EXCEPTION_ACCESS_VIOLATION (0xc0000005) at pc=0x00007ffdb1e9ed59]

GC Heap History (0 events):
No events

Deoptimization events (0 events):
No events

Classes unloaded (0 events):
No events

Classes redefined (0 events):
No events

Internal exceptions (0 events):
No events

VM Operations (0 events):
No events

Events (1 events):
Event: 0.021 Loaded shared library C:\Users\TWIM\.jdks\corretto-17.0.4\bin\java.dll


Dynamic libraries:
0x00007ff614a70000 - 0x00007ff614a7d000 	C:\Users\TWIM\.jdks\corretto-17.0.4\bin\java.exe
0x00007ffdf2050000 - 0x00007ffdf2248000 	C:\Windows\SYSTEM32\ntdll.dll
0x00007ffdf0e10000 - 0x00007ffdf0ecd000 	C:\Windows\System32\KERNEL32.DLL
0x00007ffdef770000 - 0x00007ffdefa3e000 	C:\Windows\System32\KERNELBASE.dll
0x00007ffdefbe0000 - 0x00007ffdefce0000 	C:\Windows\System32\ucrtbase.dll
0x00007ffde9550000 - 0x00007ffde9565000 	C:\Users\TWIM\.jdks\corretto-17.0.4\bin\VCRUNTIME140.dll
0x00007ffde9570000 - 0x00007ffde9588000 	C:\Users\TWIM\.jdks\corretto-17.0.4\bin\jli.dll
0x00007ffdf1240000 - 0x00007ffdf13e0000 	C:\Windows\System32\USER32.dll
0x00007ffdefd60000 - 0x00007ffdefd82000 	C:\Windows\System32\win32u.dll
0x00007ffde2d40000 - 0x00007ffde2fda000 	C:\Windows\WinSxS\amd64_microsoft.windows.common-controls_6595b64144ccf1df_6.0.19041.1110_none_60b5254171f9507e\COMCTL32.dll
0x00007ffdf09c0000 - 0x00007ffdf09ea000 	C:\Windows\System32\GDI32.dll
0x00007ffdf0cb0000 - 0x00007ffdf0d4e000 	C:\Windows\System32\msvcrt.dll
0x00007ffdefad0000 - 0x00007ffdefbdb000 	C:\Windows\System32\gdi32full.dll
0x00007ffdefe00000 - 0x00007ffdefe9d000 	C:\Windows\System32\msvcp_win.dll
0x00007ffdf04d0000 - 0x00007ffdf0500000 	C:\Windows\System32\IMM32.DLL
0x00007ffdcd820000 - 0x00007ffdcd8bb000 	C:\Users\TWIM\.jdks\corretto-17.0.4\bin\msvcp140.dll
0x00007ffdb1800000 - 0x00007ffdb2414000 	C:\Users\TWIM\.jdks\corretto-17.0.4\bin\server\jvm.dll
0x00007ffdf0890000 - 0x00007ffdf093e000 	C:\Windows\System32\ADVAPI32.dll
0x00007ffdf0430000 - 0x00007ffdf04cc000 	C:\Windows\System32\sechost.dll
0x00007ffdf0b80000 - 0x00007ffdf0ca5000 	C:\Windows\System32\RPCRT4.dll
0x00007ffdf1b30000 - 0x00007ffdf1b38000 	C:\Windows\System32\PSAPI.DLL
0x00007ffdea480000 - 0x00007ffdea489000 	C:\Windows\SYSTEM32\WSOCK32.dll
0x00007ffde6dc0000 - 0x00007ffde6dca000 	C:\Windows\SYSTEM32\VERSION.dll
0x00007ffde2560000 - 0x00007ffde2587000 	C:\Windows\SYSTEM32\WINMM.dll
0x00007ffdf0820000 - 0x00007ffdf088b000 	C:\Windows\System32\WS2_32.dll
0x00007ffded670000 - 0x00007ffded682000 	C:\Windows\SYSTEM32\kernel.appcore.dll
0x00007ffde95f0000 - 0x00007ffde95fa000 	C:\Users\TWIM\.jdks\corretto-17.0.4\bin\jimage.dll
0x00007ffdd3ad0000 - 0x00007ffdd3cb4000 	C:\Windows\SYSTEM32\DBGHELP.DLL
0x00007ffdd3a70000 - 0x00007ffdd3a9c000 	C:\Windows\SYSTEM32\dbgcore.DLL
0x00007ffdefa40000 - 0x00007ffdefac2000 	C:\Windows\System32\bcryptPrimitives.dll
0x00007ffde7470000 - 0x00007ffde747e000 	C:\Users\TWIM\.jdks\corretto-17.0.4\bin\instrument.dll
0x00007ffde93b0000 - 0x00007ffde93d5000 	C:\Users\TWIM\.jdks\corretto-17.0.4\bin\java.dll

dbghelp: loaded successfully - version: 4.0.5 - missing functions: none
symbol engine: initialized successfully - sym options: 0x614 - pdb path: .;C:\Users\TWIM\.jdks\corretto-17.0.4\bin;C:\Windows\SYSTEM32;C:\Windows\WinSxS\amd64_microsoft.windows.common-controls_6595b64144ccf1df_6.0.19041.1110_none_60b5254171f9507e;C:\Users\TWIM\.jdks\corretto-17.0.4\bin\server

VM Arguments:
jvm_args: -XX:TieredStopAtLevel=1 -Dspring.output.ansi.enabled=always -Dcom.sun.management.jmxremote -Dspring.jmx.enabled=true -Dspring.liveBeansView.mbeanDomain -Dspring.application.admin.enabled=true -javaagent:C:\Program Files\JetBrains\IntelliJ IDEA 2022.2\lib\idea_rt.jar=59706:C:\Program Files\JetBrains\IntelliJ IDEA 2022.2\bin -Dfile.encoding=UTF-8 
java_command: twim.netty.NettyApplication
java_class_path (initial): C:\Users\TWIM\IdeaProjects\netty\out\production\classes;C:\Users\TWIM\IdeaProjects\netty\out\production\resources;C:\Users\TWIM\.gradle\caches\modules-2\files-2.1\org.projectlombok\lombok\1.18.24\13a394eed5c4f9efb2a6d956e2086f1d81e857d9\lombok-1.18.24.jar;C:\Users\TWIM\.gradle\caches\modules-2\files-2.1\io.netty\netty-all\4.0.33.Final\119a52dd0818028dfe9ac92471ecebf3038f5cca\netty-all-4.0.33.Final.jar;C:\Users\TWIM\.gradle\caches\modules-2\files-2.1\org.springframework.boot\spring-boot-starter-web\2.7.2\dd8a77a26900a86d9962598cbbd360f6b69bab5e\spring-boot-starter-web-2.7.2.jar;C:\Users\TWIM\.gradle\caches\modules-2\files-2.1\org.springframework.boot\spring-boot-starter-json\2.7.2\d51c90fa1f01e7d411d15cb1c2c3eda2f92306c1\spring-boot-starter-json-2.7.2.jar;C:\Users\TWIM\.gradle\caches\modules-2\files-2.1\org.springframework.boot\spring-boot-starter\2.7.2\12f0da08b8120adcd137073ad08767f2d60e6cc3\spring-boot-starter-2.7.2.jar;C:\Users\TWIM\.gradle\caches\modules-2\files-2.1\org.springframework.boot\spring-boot-starter-tomcat\2.7.2\1b10b4411aae8809aad46d3693001917468138f5\spring-boot-starter-tomcat-2.7.2.jar;C:\Users\TWIM\.gradle\caches\modules-2\files-2.1\org.springframework\spring-webmvc\5.3.22\519d86b7ac9b8b6bb54739eb4eb73dc13a263b28\spring-webmvc-5.3.22.jar;C:\Users\TWIM\.gradle\caches\modules-2\files-2.1\org.springframework\spring-web\5.3.22\fdab9b8d8df2e6a8fb90f2481c361bcf2c129567\spring-web-5.3.22.jar;C:\Users\TWIM\.gradle\caches\modules-2\files-2.1\com.fasterxml.jackson.datatype\jackson-datatype-jsr310\2.13.3\ad2f4c61aeb9e2a8bb5e4a3ed782cfddec52d972\jackson-datatype-jsr310-2.13.3.jar;C:\Users\TWIM\.gradle\caches\modules-2\files-2.1\com.fasterxml.jackson.module\jackson-module-parameter-names\2.13.3\f71c4ecc1a403787c963f68bc619b78ce1d2687b\jackson-module-parameter-names-2.13.3.jar;C:\Users\TWIM\.gradle\caches\modules-2\files-2.1\com.fasterxml.jackson.datatype\jackson-datatype-jdk8\2.13.3\d4884595d5aab5babdb00ddbd693b8fd36b5ec3c\jackson-
Launcher Type: SUN_STANDARD

[Global flags]
     intx CICompilerCount                          = 4                                         {product} {ergonomic}
     uint ConcGCThreads                            = 2                                         {product} {ergonomic}
     uint G1ConcRefinementThreads                  = 8                                         {product} {ergonomic}
   size_t G1HeapRegionSize                         = 1048576                                   {product} {ergonomic}
    uintx GCDrainStackTargetSize                   = 64                                        {product} {ergonomic}
   size_t InitialHeapSize                          = 134217728                                 {product} {ergonomic}
     bool ManagementServer                         = true                                      {product} {command line}
   size_t MarkStackSize                            = 4194304                                   {product} {ergonomic}
   size_t MaxHeapSize                              = 2118123520                                {product} {ergonomic}
   size_t MinHeapDeltaBytes                        = 1048576                                   {product} {ergonomic}
   size_t MinHeapSize                              = 8388608                                   {product} {ergonomic}
    uintx NonProfiledCodeHeapSize                  = 0                                      {pd product} {ergonomic}
     bool ProfileInterpreter                       = false                                  {pd product} {command line}
    uintx ProfiledCodeHeapSize                     = 0                                      {pd product} {ergonomic}
   size_t SoftMaxHeapSize                          = 2118123520                             {manageable} {ergonomic}
     intx TieredStopAtLevel                        = 1                                         {product} {command line}
     bool UseCompressedClassPointers               = true                           {product lp64_product} {ergonomic}
     bool UseCompressedOops                        = true                           {product lp64_product} {ergonomic}
     bool UseG1GC                                  = true                                      {product} {ergonomic}
     bool UseLargePagesIndividualAllocation        = false                                  {pd product} {ergonomic}

Logging:
Log output configuration:
 #0: stdout all=warning uptime,level,tags
 #1: stderr all=off uptime,level,tags

Environment Variables:
PATH=C:\Program Files\Common Files\Oracle\Java\javapath;C:\PROGRA~1\Basler\pylon 5\Runtime\Win32\;C:\PROGRA~1\Basler\pylon 5\Runtime\x64\;C:\Program Files (x86)\Microsoft\ILMerge;C:\Program Files (x86)\Intel\iCLS Client\;C:\Program Files\Intel\iCLS Client\;C:\Windows\system32;C:\Windows;C:\Windows\System32\Wbem;C:\Windows\System32\WindowsPowerShell\v1.0\;C:\Windows\System32\OpenSSH\;C:\Program Files (x86)\Intel\Intel(R) Management Engine Components\DAL;C:\Program Files\Intel\Intel(R) Management Engine Components\DAL;C:\Program Files (x86)\Intel\Intel(R) Management Engine Components\IPT;C:\Program Files\Intel\Intel(R) Management Engine Components\IPT;C:\Program Files\dotnet\;C:\Program Files\Microsoft SQL Server\110\Tools\Binn\;C:\Emgu\emgucv-windesktop 4.2.0.3662\bin;C:\Emgu\emgucv-windesktop 4.2.0.3662\libs\x64;C:\Program Files\Cognex\Common\Drivers\DSMax\Producer\;C:\Program Files\Cognex\VisionPro\bin;C:\Program Files\Common Files\Pleora\eBUS SDK;C:\Program Files\Git\cmd;C:\Program Files\MySQL\MySQL Shell 8.0\bin\;C:\Users\TWIM\AppData\Local\Microsoft\WindowsApps;C:\Program Files\Bandizip\;C:\Users\TWIM\.dotnet\tools;C:\Program Files\JetBrains\IntelliJ IDEA 2022.2\bin;;C:\Program Files\MySQL\MySQL Server 8.0\bin;
USERNAME=TWIM
OS=Windows_NT
PROCESSOR_IDENTIFIER=Intel64 Family 6 Model 158 Stepping 9, GenuineIntel
TMP=C:\Users\TWIM\AppData\Local\Temp
TEMP=C:\Users\TWIM\AppData\Local\Temp



---------------  S Y S T E M  ---------------

OS:
 Windows 10 , 64 bit Build 19041 (10.0.19041.1806)
OS uptime: 0 days 7:36 hours

CPU: total 8 (initial active 8) (4 cores per cpu, 2 threads per core) family 6 model 158 stepping 9 microcode 0xb4, cx8, cmov, fxsr, ht, mmx, 3dnowpref, sse, sse2, sse3, ssse3, sse4.1, sse4.2, popcnt, lzcnt, tsc, tscinvbit, avx, avx2, aes, erms, clmul, bmi1, bmi2, adx, fma, vzeroupper, clflush, clflushopt

Memory: 4k page, system-wide physical 8077M (770M free)
TotalPageFile size 23258M (AvailPageFile size 106M)
current process WorkingSet (physical memory assigned to process): 11M, peak: 11M
current process commit charge ("private bytes"): 55M, peak: 183M

vm_info: OpenJDK 64-Bit Server VM (17.0.4+8-LTS) for windows-amd64 JRE (17.0.4+8-LTS), built on Jul 15 2022 17:12:09 by "Administrator" with MS VC++ 15.9 (VS2017)

END.
